<?xml version="1.0" encoding="UTF-8"?>
<testng-results ignored="0" total="1" passed="1" failed="0" skipped="0">
  <reporter-output>
  </reporter-output>
  <suite started-at="2025-02-24T21:02:31 IST" name="Default suite" finished-at="2025-02-24T21:02:34 IST" duration-ms="3068">
    <groups>
    </groups>
    <test started-at="2025-02-24T21:02:31 IST" name="Default test" finished-at="2025-02-24T21:02:34 IST" duration-ms="3068">
      <class name="demo.FirstTest">
        <test-method signature="LoginPage()[pri:0, instance:demo.FirstTest@385c9627]" started-at="2025-02-24T21:02:31 IST" name="LoginPage" finished-at="2025-02-24T21:02:34 IST" duration-ms="3042" status="PASS">
          <reporter-output>
          </reporter-output>
        </test-method> <!-- LoginPage -->
      </class> <!-- demo.FirstTest -->
    </test> <!-- Default test -->
  </suite> <!-- Default suite -->
</testng-results>
