<?xml version="1.0" encoding="UTF-8"?>
<testng-results ignored="0" total="1" passed="1" failed="0" skipped="0">
  <reporter-output>
  </reporter-output>
  <suite started-at="2025-02-24T18:59:40 IST" name="Default suite" finished-at="2025-02-24T18:59:43 IST" duration-ms="2876">
    <groups>
    </groups>
    <test started-at="2025-02-24T18:59:40 IST" name="Default test" finished-at="2025-02-24T18:59:43 IST" duration-ms="2876">
      <class name="demo.FirstTest">
        <test-method signature="LoginPage()[pri:0, instance:demo.FirstTest@192c3f1e]" started-at="2025-02-24T18:59:40 IST" name="LoginPage" finished-at="2025-02-24T18:59:43 IST" duration-ms="2834" status="PASS">
          <reporter-output>
          </reporter-output>
        </test-method> <!-- LoginPage -->
      </class> <!-- demo.FirstTest -->
    </test> <!-- Default test -->
  </suite> <!-- Default suite -->
</testng-results>
